# First column indicator:
# ! - needs translation
# ? - needs checking
?	dom0_vga_console_info		xen.h
?	mmu_update			xen.h
!	mmuext_op			xen.h
!	start_info			xen.h
?	vcpu_time_info			xen.h
!	cpu_user_regs			arch-x86/xen-@arch@.h
!	trap_info			arch-x86/xen.h
!	vcpu_guest_context		arch-x86/xen.h
?	evtchn_alloc_unbound		event_channel.h
?	evtchn_bind_interdomain		event_channel.h
?	evtchn_bind_ipi			event_channel.h
?	evtchn_bind_pirq		event_channel.h
?	evtchn_bind_vcpu		event_channel.h
?	evtchn_bind_virq		event_channel.h
?	evtchn_close			event_channel.h
?	evtchn_op			event_channel.h
?	evtchn_send			event_channel.h
?	evtchn_status			event_channel.h
?	evtchn_unmask			event_channel.h
!	gnttab_copy			grant_table.h
?	gnttab_dump_table		grant_table.h
?	gnttab_map_grant_ref		grant_table.h
!	gnttab_setup_table		grant_table.h
!	gnttab_transfer			grant_table.h
?	gnttab_unmap_grant_ref		grant_table.h
?	grant_entry			grant_table.h
?	kexec_exec			kexec.h
!	kexec_image			kexec.h
!	add_to_physmap			memory.h
!	foreign_memory_map		memory.h
!	memory_exchange			memory.h
!	memory_map			memory.h
!	memory_reservation		memory.h
!	translate_gpfn_list		memory.h
!	sched_poll			sched.h
?	sched_remote_shutdown		sched.h
?	sched_shutdown			sched.h
?	t_buf				trace.h
!	vcpu_runstate_info		vcpu.h
?	xenoprof_init			xenoprof.h
?	xenoprof_passive		xenoprof.h
